0 info it worked if it ends with ok
1 verbose cli [ 'C:\\Program Files\\nodejs\\node.exe',
1 verbose cli   'C:\\Program Files\\nodejs\\node_modules\\npm\\bin\\npm-cli.js',
1 verbose cli   'run',
1 verbose cli   'dev' ]
2 info using npm@4.1.2
3 info using node@v7.7.4
4 verbose run-script [ 'predev', 'dev', 'postdev' ]
5 info lifecycle dimension@0.1.0~predev: dimension@0.1.0
6 silly lifecycle dimension@0.1.0~predev: no script for predev, continuing
7 info lifecycle dimension@0.1.0~dev: dimension@0.1.0
8 verbose lifecycle dimension@0.1.0~dev: unsafe-perm in lifecycle true
9 verbose lifecycle dimension@0.1.0~dev: PATH: C:\Program Files\nodejs\node_modules\npm\bin\node-gyp-bin;E:\saintjay\Dimension\www\node_modules\.bin;C:\Program Files (x86)\Common Files\Oracle\Java\javapath;C:\ProgramData\Oracle\Java\javapath;C:\Windows\system32;C:\Windows;C:\Windows\System32\Wbem;C:\Windows\System32\WindowsPowerShell\v1.0\;C:\Program Files (x86)\NVIDIA Corporation\PhysX\Common;C:\WINDOWS\system32;C:\WINDOWS;C:\WINDOWS\System32\Wbem;C:\WINDOWS\System32\WindowsPowerShell\v1.0\;C:\Program Files (x86)\Git\cmd;C:\Program Files\nodejs\;C:\Users\Administrator\AppData\Local\Microsoft\WindowsApps;C:\Users\Administrator\AppData\Roaming\npm;C:\Users\Administrator\AppData\Local\Microsoft\WindowsApps;C:\Program Files\Microsoft VS Code\bin;
10 verbose lifecycle dimension@0.1.0~dev: CWD: E:\saintjay\Dimension\www
11 silly lifecycle dimension@0.1.0~dev: Args: [ '/d /s /c', 'npm run server && npm run client' ]
12 silly lifecycle dimension@0.1.0~dev: Returned: code: 1  signal: null
13 info lifecycle dimension@0.1.0~dev: Failed to exec dev script
14 verbose stack Error: dimension@0.1.0 dev: `npm run server && npm run client`
14 verbose stack Exit status 1
14 verbose stack     at EventEmitter.<anonymous> (C:\Program Files\nodejs\node_modules\npm\lib\utils\lifecycle.js:279:16)
14 verbose stack     at emitTwo (events.js:106:13)
14 verbose stack     at EventEmitter.emit (events.js:194:7)
14 verbose stack     at ChildProcess.<anonymous> (C:\Program Files\nodejs\node_modules\npm\lib\utils\spawn.js:40:14)
14 verbose stack     at emitTwo (events.js:106:13)
14 verbose stack     at ChildProcess.emit (events.js:194:7)
14 verbose stack     at maybeClose (internal/child_process.js:899:16)
14 verbose stack     at Process.ChildProcess._handle.onexit (internal/child_process.js:226:5)
15 verbose pkgid dimension@0.1.0
16 verbose cwd E:\saintjay\Dimension\www
17 error Windows_NT 10.0.16299
18 error argv "C:\\Program Files\\nodejs\\node.exe" "C:\\Program Files\\nodejs\\node_modules\\npm\\bin\\npm-cli.js" "run" "dev"
19 error node v7.7.4
20 error npm  v4.1.2
21 error code ELIFECYCLE
22 error dimension@0.1.0 dev: `npm run server && npm run client`
22 error Exit status 1
23 error Failed at the dimension@0.1.0 dev script 'npm run server && npm run client'.
23 error Make sure you have the latest version of node.js and npm installed.
23 error If you do, this is most likely a problem with the dimension package,
23 error not with npm itself.
23 error Tell the author that this fails on your system:
23 error     npm run server && npm run client
23 error You can get information on how to open an issue for this project with:
23 error     npm bugs dimension
23 error Or if that isn't available, you can get their info via:
23 error     npm owner ls dimension
23 error There is likely additional logging output above.
24 verbose exit [ 1, true ]
